2026-05-12 18:57:50 | INFO    | xhs.run | START  | [1/4] Search: ['agent面试']
2026-05-12 18:57:55 | INFO    | xhs.run | END    | search — 5 results
2026-05-12 18:57:55 | INFO    | xhs.run | START  | [2/4] Scrape: 5 urls, keyword=agent面试
2026-05-12 19:01:20 | INFO    | xhs.run | START  | [1/4] Search: ['agent面试']
2026-05-12 19:01:25 | INFO    | xhs.run | END    | search — 3 results
2026-05-12 19:01:25 | INFO    | xhs.run | START  | [2/4] Scrape: 3 urls, keyword=agent面试
2026-05-12 19:02:16 | INFO    | xhs.run | END    | scrape — 3 posts
2026-05-12 19:02:16 | INFO    | xhs.run | START  | [3/4] Classify: 3 posts
2026-05-12 19:02:29 | INFO    | xhs.run | END    | classify — 3 done
2026-05-12 19:02:29 | INFO    | xhs.run | START  | [4/4] Build knowledge base
2026-05-12 19:02:29 | INFO    | xhs.run | END    | build — KB at output\knowledge_base
2026-05-12 19:02:29 | INFO    | xhs.run | Workflow complete! Open output\knowledge_base/INDEX.md
2026-05-12 19:07:39 | INFO    | xhs.build | START  | build kb: 2 posts
2026-05-12 19:07:39 | INFO    | xhs.build | END    | build — KB at output\knowledge_base
2026-05-12 19:08:59 | INFO    | xhs.run | START  | [1/4] Search: ['agent面试']
2026-05-12 19:09:04 | INFO    | xhs.run | END    | search — 3 results
2026-05-12 19:09:04 | INFO    | xhs.run | START  | [2/4] Scrape: 3 urls, keyword=agent面试
2026-05-12 19:09:55 | INFO    | xhs.run | END    | scrape — 2 posts
2026-05-12 19:09:55 | INFO    | xhs.run | START  | [3/4] Classify: 2 posts
2026-05-12 19:10:04 | INFO    | xhs.run | END    | classify — 2 done
2026-05-12 19:10:04 | INFO    | xhs.run | START  | [4/4] Build knowledge base
2026-05-12 19:10:04 | INFO    | xhs.run | END    | build — KB at output\knowledge_base
2026-05-12 19:10:04 | INFO    | xhs.run | Workflow complete! Open output\knowledge_base/INDEX.md
2026-05-12 19:11:57 | INFO    | xhs.run | START  | [1/4] Search: ['agent面试']
2026-05-12 19:12:02 | INFO    | xhs.run | END    | search — 3 results
2026-05-12 19:12:02 | INFO    | xhs.run | START  | [2/4] Scrape: 3 urls, keyword=agent面试
2026-05-12 19:13:06 | INFO    | xhs.run | END    | scrape — 3 posts
2026-05-12 19:13:06 | INFO    | xhs.run | START  | [3/4] Classify: 3 posts
2026-05-12 19:13:16 | INFO    | xhs.run | END    | classify — 3 done
2026-05-12 19:13:16 | INFO    | xhs.run | START  | [4/4] Build knowledge base
2026-05-12 19:13:16 | INFO    | xhs.run | END    | build — KB at output\knowledge_base
2026-05-12 19:13:16 | INFO    | xhs.run | Workflow complete! Open output\knowledge_base/INDEX.md
2026-05-12 19:16:45 | INFO    | xhs.run | START  | [1/4] Search: ['agent面试']
2026-05-12 19:16:51 | INFO    | xhs.run | END    | search — 3 results
2026-05-12 19:16:51 | INFO    | xhs.run | START  | [2/4] Scrape: 3 urls, keyword=agent面试
2026-05-12 19:17:48 | INFO    | xhs.run | END    | scrape — 3 posts
2026-05-12 19:17:48 | INFO    | xhs.run | START  | [3/4] Classify: 3 posts
2026-05-12 19:17:58 | INFO    | xhs.run | END    | classify — 3 done
2026-05-12 19:17:58 | INFO    | xhs.run | START  | [4/4] Build knowledge base
2026-05-12 19:17:58 | INFO    | xhs.run | END    | build — KB at output\knowledge_base
2026-05-12 19:17:58 | INFO    | xhs.run | Workflow complete! Open output\knowledge_base/INDEX.md
2026-05-12 19:19:22 | INFO    | xhs.run | START  | [1/4] Search: ['agent面试']
2026-05-12 19:19:28 | INFO    | xhs.run | END    | search — 5 results
2026-05-12 19:19:28 | INFO    | xhs.run | START  | [2/4] Scrape: 5 urls, keyword=agent面试
2026-05-12 19:20:57 | INFO    | xhs.run | END    | scrape — 5 posts
2026-05-12 19:20:57 | INFO    | xhs.run | START  | [3/4] Classify: 5 posts
2026-05-12 19:21:14 | INFO    | xhs.run | END    | classify — 5 done
2026-05-12 19:21:14 | INFO    | xhs.run | START  | [4/4] Build knowledge base
2026-05-12 19:21:14 | INFO    | xhs.run | END    | build — KB at output\knowledge_base
2026-05-12 19:21:14 | INFO    | xhs.run | Workflow complete! Open output\knowledge_base/INDEX.md
2026-05-12 19:29:19 | INFO    | xhs.run | START  | [1/4] Search: ['agent面试']
2026-05-12 19:29:24 | INFO    | xhs.run | END    | search — 3 results
2026-05-12 19:29:24 | INFO    | xhs.run | START  | [2/4] Scrape: 3 urls, keyword=agent面试
2026-05-12 19:30:13 | INFO    | xhs.run | END    | scrape — 3 posts
2026-05-12 19:30:13 | INFO    | xhs.run | START  | [3/5] Format: 3 posts
2026-05-12 19:30:34 | INFO    | xhs.run | END    | format — 3 done
2026-05-12 19:30:34 | INFO    | xhs.run | START  | [4/5] Classify: 3 posts
2026-05-12 19:30:47 | INFO    | xhs.run | END    | classify — 3 done
2026-05-12 19:30:47 | INFO    | xhs.run | START  | [5/5] Build knowledge base
2026-05-12 19:30:47 | INFO    | xhs.run | END    | build — KB at output\knowledge_base
2026-05-12 19:30:47 | INFO    | xhs.run | Workflow complete! Open output\knowledge_base/INDEX.md
2026-05-12 19:34:13 | INFO    | xhs.run | START  | [1/4] Search: ['agent面试']
2026-05-12 19:34:17 | INFO    | xhs.run | END    | search — 0 results
2026-05-12 19:34:17 | INFO    | xhs.run | START  | [2/4] Scrape: 0 urls, keyword=agent面试
2026-05-12 19:34:17 | INFO    | xhs.run | END    | scrape — 0 posts
2026-05-12 19:34:17 | ERROR   | xhs.run | No posts scraped, aborting
2026-05-12 19:35:20 | INFO    | xhs.run | START  | [1/4] Search: ['agent面试']
2026-05-12 19:35:23 | INFO    | xhs.run | END    | search — 0 results
2026-05-12 19:35:23 | INFO    | xhs.run | START  | [2/4] Scrape: 0 urls, keyword=agent面试
2026-05-12 19:35:23 | INFO    | xhs.run | END    | scrape — 0 posts
2026-05-12 19:35:23 | ERROR   | xhs.run | No posts scraped, aborting
2026-05-12 19:36:40 | INFO    | xhs.search | START  | search: ['agent面试'], count=3
2026-05-12 19:36:44 | INFO    | xhs.search | agent面试: 0 results
2026-05-12 19:36:44 | INFO    | xhs.search | END    | search — saved to output/search_results.json
2026-05-12 19:38:20 | INFO    | xhs.search | START  | search: ['agent面试'], count=3
2026-05-12 19:38:53 | INFO    | xhs.search | agent面试: 0 results
2026-05-12 19:38:53 | INFO    | xhs.search | END    | search — saved to output/search_results.json
2026-05-12 19:39:42 | INFO    | xhs.run | START  | [1/4] Search: ['agent面试']
2026-05-12 19:39:47 | INFO    | xhs.run | END    | search — 3 results
2026-05-12 19:39:47 | INFO    | xhs.run | START  | [2/4] Scrape: 3 urls, keyword=agent面试
2026-05-12 19:40:37 | INFO    | xhs.run | END    | scrape — 2 posts
2026-05-12 19:40:37 | INFO    | xhs.run | START  | [3/5] Format: 2 posts
2026-05-12 19:40:57 | INFO    | xhs.run | END    | format — 2 done
2026-05-12 19:40:57 | INFO    | xhs.run | START  | [4/5] Classify: 2 posts
2026-05-12 19:41:05 | INFO    | xhs.run | END    | classify — 2 done
2026-05-12 19:41:05 | INFO    | xhs.run | START  | [5/5] Build knowledge base
2026-05-12 19:41:05 | INFO    | xhs.run | END    | build — KB at output\knowledge_base
2026-05-12 19:41:05 | INFO    | xhs.run | Workflow complete! Open output\knowledge_base/INDEX.md
2026-05-12 19:51:20 | INFO    | xhs.run | START  | [1/4] Search: ['agent面试']
2026-05-12 19:51:25 | INFO    | xhs.run | END    | search — 3 results
2026-05-12 19:51:25 | INFO    | xhs.run | START  | [2/4] Scrape: 3 urls, keyword=agent面试
2026-05-12 19:52:17 | INFO    | xhs.run | END    | scrape — 2 posts
2026-05-12 19:52:17 | INFO    | xhs.run | START  | [3/5] Format: 2 posts
2026-05-12 19:52:33 | INFO    | xhs.run | END    | format — 2 done
2026-05-12 19:52:33 | INFO    | xhs.run | START  | [4/5] Classify: 2 posts
2026-05-12 19:52:40 | INFO    | xhs.run | END    | classify — 2 done
2026-05-12 19:52:40 | INFO    | xhs.run | START  | [5/5] Build knowledge base
2026-05-12 19:52:40 | INFO    | xhs.run | END    | build — KB at output\knowledge_base
2026-05-12 19:52:40 | INFO    | xhs.run | Workflow complete! Open output\knowledge_base/INDEX.md
2026-05-12 21:16:13 | INFO    | xhs.run | START  | [1/4] Search: ['agent面试']
2026-05-12 21:16:19 | INFO    | xhs.run | END    | search — 2 results
2026-05-12 21:16:19 | INFO    | xhs.run | START  | [2/4] Scrape: 2 urls, keyword=agent面试
2026-05-12 21:16:59 | INFO    | xhs.run | END    | scrape — 2 posts
2026-05-12 21:16:59 | INFO    | xhs.run | START  | [3/5] Format: 2 posts
2026-05-12 21:17:15 | INFO    | xhs.run | END    | format — 2 done
2026-05-12 21:17:15 | INFO    | xhs.run | START  | [4/5] Classify: 2 posts
2026-05-12 21:17:23 | INFO    | xhs.run | END    | classify — 2 done
2026-05-12 21:17:23 | INFO    | xhs.run | START  | [5/5] Build knowledge base
2026-05-12 21:17:23 | INFO    | xhs.run | END    | build — KB at output\knowledge_base
2026-05-12 21:17:23 | INFO    | xhs.run | Workflow complete! Open output\knowledge_base/INDEX.md
2026-05-13 10:58:45 | INFO    | xhs.search | START  | search: ['agent面试'], count=3
2026-05-13 10:59:19 | INFO    | xhs.search | agent面试: 0 results
2026-05-13 10:59:19 | INFO    | xhs.search | END    | search — saved to output/search_results.json
2026-05-19 16:23:46 | INFO    | xhs.search | START  | search: ['agent 面经'], count=50
2026-05-19 16:24:20 | INFO    | xhs.search | agent 面经: 50 results
2026-05-19 16:24:20 | INFO    | xhs.search | END    | search — saved to output/search_results.json
2026-05-19 16:24:29 | INFO    | xhs.run | START  | [1/4] Search: ['agent 面经']
2026-05-19 16:25:08 | INFO    | xhs.run | END    | search — 30 results
2026-05-19 16:25:08 | INFO    | xhs.run | START  | [2/4] Scrape: 30 urls, keyword=agent 面经
2026-05-19 16:49:03 | INFO    | xhs.run | START  | [1/4] Search: ['agent 面经']
2026-05-19 16:49:43 | INFO    | xhs.run | END    | search — 27 results
2026-05-19 16:49:43 | INFO    | xhs.run | START  | [2/4] Scrape: 27 urls, keyword=agent 面经
2026-05-19 16:49:47 | INFO    | xhs.run | START  | [1/4] Search: ['agent 面经']
2026-05-19 16:54:50 | INFO    | xhs.run | START  | [1/4] Search: ['agent 面经']
2026-05-19 16:55:54 | INFO    | xhs.run | END    | scrape — 7 posts
2026-05-19 16:55:54 | INFO    | xhs.run | START  | [3/5] Format: 7 posts
2026-05-19 16:55:56 | INFO    | xhs.run | END    | format — 7 done
2026-05-19 16:55:56 | INFO    | xhs.run | START  | [4/5] Classify: 7 posts
2026-05-19 16:55:58 | INFO    | xhs.run | END    | classify — 7 done
2026-05-19 16:55:58 | INFO    | xhs.run | START  | [5/5] Build knowledge base
2026-05-19 16:55:58 | INFO    | xhs.run | END    | build — KB at output\knowledge_base
2026-05-19 16:55:58 | INFO    | xhs.run | Workflow complete! Open output\knowledge_base/INDEX.md
